<?xml version="1.0" encoding="UTF-8"?>
<testng-results ignored="0" total="8" passed="5" failed="2" skipped="1">
  <reporter-output>
  </reporter-output>
  <suite started-at="2024-03-22T15:14:28 IST" name="TutorialsNinja Suite" finished-at="2024-03-22T15:14:54 IST" duration-ms="26063">
    <groups>
    </groups>
    <test started-at="2024-03-22T15:14:28 IST" name="TutorialsNinja Tests" finished-at="2024-03-22T15:14:54 IST" duration-ms="26063">
      <class name="com.tutorialsninja.tests.pack.RegisterTest">
        <test-method is-config="true" signature="loginAndClickLogin()[pri:0, instance:com.tutorialsninja.tests.pack.RegisterTest@5e0826e7]" started-at="2024-03-22T15:14:50 IST" name="loginAndClickLogin" finished-at="2024-03-22T15:14:53 IST" duration-ms="2770" status="PASS">
          <reporter-output>
          </reporter-output>
        </test-method> <!-- loginAndClickLogin -->
        <test-method signature="sendRegisterDetailsAndVerifyRegistration()[pri:0, instance:com.tutorialsninja.tests.pack.RegisterTest@5e0826e7]" started-at="2024-03-22T15:14:53 IST" name="sendRegisterDetailsAndVerifyRegistration" finished-at="2024-03-22T15:14:54 IST" duration-ms="1137" status="FAIL">
          <exception class="java.lang.AssertionError">
            <message>
              <![CDATA[expected [true] but found [false]]]>
            </message>
            <full-stacktrace>
              <![CDATA[java.lang.AssertionError: expected [true] but found [false]
at org.testng.Assert.fail(Assert.java:111)
at org.testng.Assert.failNotEquals(Assert.java:1578)
at org.testng.Assert.assertEqualsImpl(Assert.java:150)
at org.testng.Assert.assertEquals(Assert.java:132)
at org.testng.Assert.assertEquals(Assert.java:1067)
at org.testng.Assert.assertEquals(Assert.java:1087)
at com.tutorialsninja.tests.pack.RegisterTest.sendRegisterDetailsAndVerifyRegistration(RegisterTest.java:59)
at java.base/jdk.internal.reflect.NativeMethodAccessorImpl.invoke0(Native Method)
at java.base/jdk.internal.reflect.NativeMethodAccessorImpl.invoke(NativeMethodAccessorImpl.java:77)
at java.base/jdk.internal.reflect.DelegatingMethodAccessorImpl.invoke(DelegatingMethodAccessorImpl.java:43)
at java.base/java.lang.reflect.Method.invoke(Method.java:568)
at org.testng.internal.invokers.MethodInvocationHelper.invokeMethod(MethodInvocationHelper.java:139)
at org.testng.internal.invokers.TestInvoker.invokeMethod(TestInvoker.java:664)
at org.testng.internal.invokers.TestInvoker.invokeTestMethod(TestInvoker.java:228)
at org.testng.internal.invokers.MethodRunner.runInSequence(MethodRunner.java:63)
at org.testng.internal.invokers.TestInvoker$MethodInvocationAgent.invoke(TestInvoker.java:961)
at org.testng.internal.invokers.TestInvoker.invokeTestMethods(TestInvoker.java:201)
at org.testng.internal.invokers.TestMethodWorker.invokeTestMethods(TestMethodWorker.java:148)
at org.testng.internal.invokers.TestMethodWorker.run(TestMethodWorker.java:128)
at java.base/java.util.ArrayList.forEach(ArrayList.java:1511)
at org.testng.TestRunner.privateRun(TestRunner.java:819)
at org.testng.TestRunner.run(TestRunner.java:619)
at org.testng.SuiteRunner.runTest(SuiteRunner.java:443)
at org.testng.SuiteRunner.runSequentially(SuiteRunner.java:437)
at org.testng.SuiteRunner.privateRun(SuiteRunner.java:397)
at org.testng.SuiteRunner.run(SuiteRunner.java:336)
at org.testng.SuiteRunnerWorker.runSuite(SuiteRunnerWorker.java:52)
at org.testng.SuiteRunnerWorker.run(SuiteRunnerWorker.java:95)
at org.testng.TestNG.runSuitesSequentially(TestNG.java:1301)
at org.testng.TestNG.runSuitesLocally(TestNG.java:1228)
at org.testng.TestNG.runSuites(TestNG.java:1134)
at org.testng.TestNG.run(TestNG.java:1101)
at org.apache.maven.surefire.testng.TestNGExecutor.run(TestNGExecutor.java:308)
at org.apache.maven.surefire.testng.TestNGXmlTestSuite.execute(TestNGXmlTestSuite.java:71)
at org.apache.maven.surefire.testng.TestNGProvider.invoke(TestNGProvider.java:113)
at org.apache.maven.surefire.booter.ForkedBooter.runSuitesInProcess(ForkedBooter.java:385)
at org.apache.maven.surefire.booter.ForkedBooter.execute(ForkedBooter.java:162)
at org.apache.maven.surefire.booter.ForkedBooter.run(ForkedBooter.java:507)
at org.apache.maven.surefire.booter.ForkedBooter.main(ForkedBooter.java:495)
]]>
            </full-stacktrace>
          </exception> <!-- java.lang.AssertionError -->
          <reporter-output>
          </reporter-output>
        </test-method> <!-- sendRegisterDetailsAndVerifyRegistration -->
        <test-method is-config="true" signature="tearDown()[pri:0, instance:com.tutorialsninja.tests.pack.RegisterTest@5e0826e7]" started-at="2024-03-22T15:14:54 IST" name="tearDown" finished-at="2024-03-22T15:14:54 IST" duration-ms="66" status="PASS">
          <reporter-output>
          </reporter-output>
        </test-method> <!-- tearDown -->
      </class> <!-- com.tutorialsninja.tests.pack.RegisterTest -->
      <class name="com.tutorialsninja.tests.pack.LoginTest">
        <test-method is-config="true" signature="loginAndClickLogin()[pri:0, instance:com.tutorialsninja.tests.pack.LoginTest@130161f7]" started-at="2024-03-22T15:14:28 IST" name="loginAndClickLogin" finished-at="2024-03-22T15:14:31 IST" duration-ms="2545" status="PASS">
          <reporter-output>
          </reporter-output>
        </test-method> <!-- loginAndClickLogin -->
        <test-method signature="loginWithNoCredentials()[pri:0, instance:com.tutorialsninja.tests.pack.LoginTest@130161f7]" started-at="2024-03-22T15:14:31 IST" name="loginWithNoCredentials" finished-at="2024-03-22T15:14:32 IST" duration-ms="933" status="FAIL">
          <exception class="java.lang.AssertionError">
            <message>
              <![CDATA[expected [true] but found [false]]]>
            </message>
            <full-stacktrace>
              <![CDATA[java.lang.AssertionError: expected [true] but found [false]
at org.testng.Assert.fail(Assert.java:111)
at org.testng.Assert.failNotEquals(Assert.java:1578)
at org.testng.Assert.assertEqualsImpl(Assert.java:150)
at org.testng.Assert.assertEquals(Assert.java:132)
at org.testng.Assert.assertEquals(Assert.java:1067)
at org.testng.Assert.assertEquals(Assert.java:1087)
at com.tutorialsninja.tests.pack.LoginTest.loginWithNoCredentials(LoginTest.java:80)
at java.base/jdk.internal.reflect.NativeMethodAccessorImpl.invoke0(Native Method)
at java.base/jdk.internal.reflect.NativeMethodAccessorImpl.invoke(NativeMethodAccessorImpl.java:77)
at java.base/jdk.internal.reflect.DelegatingMethodAccessorImpl.invoke(DelegatingMethodAccessorImpl.java:43)
at java.base/java.lang.reflect.Method.invoke(Method.java:568)
at org.testng.internal.invokers.MethodInvocationHelper.invokeMethod(MethodInvocationHelper.java:139)
at org.testng.internal.invokers.TestInvoker.invokeMethod(TestInvoker.java:664)
at org.testng.internal.invokers.TestInvoker.invokeTestMethod(TestInvoker.java:228)
at org.testng.internal.invokers.MethodRunner.runInSequence(MethodRunner.java:63)
at org.testng.internal.invokers.TestInvoker$MethodInvocationAgent.invoke(TestInvoker.java:961)
at org.testng.internal.invokers.TestInvoker.invokeTestMethods(TestInvoker.java:201)
at org.testng.internal.invokers.TestMethodWorker.invokeTestMethods(TestMethodWorker.java:148)
at org.testng.internal.invokers.TestMethodWorker.run(TestMethodWorker.java:128)
at java.base/java.util.ArrayList.forEach(ArrayList.java:1511)
at org.testng.TestRunner.privateRun(TestRunner.java:819)
at org.testng.TestRunner.run(TestRunner.java:619)
at org.testng.SuiteRunner.runTest(SuiteRunner.java:443)
at org.testng.SuiteRunner.runSequentially(SuiteRunner.java:437)
at org.testng.SuiteRunner.privateRun(SuiteRunner.java:397)
at org.testng.SuiteRunner.run(SuiteRunner.java:336)
at org.testng.SuiteRunnerWorker.runSuite(SuiteRunnerWorker.java:52)
at org.testng.SuiteRunnerWorker.run(SuiteRunnerWorker.java:95)
at org.testng.TestNG.runSuitesSequentially(TestNG.java:1301)
at org.testng.TestNG.runSuitesLocally(TestNG.java:1228)
at org.testng.TestNG.runSuites(TestNG.java:1134)
at org.testng.TestNG.run(TestNG.java:1101)
at org.apache.maven.surefire.testng.TestNGExecutor.run(TestNGExecutor.java:308)
at org.apache.maven.surefire.testng.TestNGXmlTestSuite.execute(TestNGXmlTestSuite.java:71)
at org.apache.maven.surefire.testng.TestNGProvider.invoke(TestNGProvider.java:113)
at org.apache.maven.surefire.booter.ForkedBooter.runSuitesInProcess(ForkedBooter.java:385)
at org.apache.maven.surefire.booter.ForkedBooter.execute(ForkedBooter.java:162)
at org.apache.maven.surefire.booter.ForkedBooter.run(ForkedBooter.java:507)
at org.apache.maven.surefire.booter.ForkedBooter.main(ForkedBooter.java:495)
]]>
            </full-stacktrace>
          </exception> <!-- java.lang.AssertionError -->
          <reporter-output>
          </reporter-output>
        </test-method> <!-- loginWithNoCredentials -->
        <test-method is-config="true" signature="tearDown()[pri:0, instance:com.tutorialsninja.tests.pack.LoginTest@130161f7]" started-at="2024-03-22T15:14:32 IST" name="tearDown" finished-at="2024-03-22T15:14:32 IST" duration-ms="74" status="PASS">
          <reporter-output>
          </reporter-output>
        </test-method> <!-- tearDown -->
        <test-method is-config="true" signature="loginAndClickLogin()[pri:0, instance:com.tutorialsninja.tests.pack.LoginTest@130161f7]" started-at="2024-03-22T15:14:32 IST" name="loginAndClickLogin" finished-at="2024-03-22T15:14:35 IST" duration-ms="2677" status="PASS">
          <reporter-output>
          </reporter-output>
        </test-method> <!-- loginAndClickLogin -->
        <test-method signature="loginWithInvalidEmail()[pri:1, instance:com.tutorialsninja.tests.pack.LoginTest@130161f7]" started-at="2024-03-22T15:14:35 IST" name="loginWithInvalidEmail" finished-at="2024-03-22T15:14:35 IST" duration-ms="825" status="PASS">
          <reporter-output>
          </reporter-output>
        </test-method> <!-- loginWithInvalidEmail -->
        <test-method is-config="true" signature="tearDown()[pri:0, instance:com.tutorialsninja.tests.pack.LoginTest@130161f7]" started-at="2024-03-22T15:14:35 IST" name="tearDown" finished-at="2024-03-22T15:14:35 IST" duration-ms="81" status="PASS">
          <reporter-output>
          </reporter-output>
        </test-method> <!-- tearDown -->
        <test-method is-config="true" signature="loginAndClickLogin()[pri:0, instance:com.tutorialsninja.tests.pack.LoginTest@130161f7]" started-at="2024-03-22T15:14:35 IST" name="loginAndClickLogin" finished-at="2024-03-22T15:14:38 IST" duration-ms="2441" status="PASS">
          <reporter-output>
          </reporter-output>
        </test-method> <!-- loginAndClickLogin -->
        <test-method signature="loginWithInvalidPassword()[pri:2, instance:com.tutorialsninja.tests.pack.LoginTest@130161f7]" started-at="2024-03-22T15:14:38 IST" name="loginWithInvalidPassword" finished-at="2024-03-22T15:14:39 IST" duration-ms="1014" status="PASS">
          <reporter-output>
          </reporter-output>
        </test-method> <!-- loginWithInvalidPassword -->
        <test-method is-config="true" signature="tearDown()[pri:0, instance:com.tutorialsninja.tests.pack.LoginTest@130161f7]" started-at="2024-03-22T15:14:39 IST" name="tearDown" finished-at="2024-03-22T15:14:39 IST" duration-ms="62" status="PASS">
          <reporter-output>
          </reporter-output>
        </test-method> <!-- tearDown -->
        <test-method signature="loginWithInvalidCredentials(java.lang.String,java.lang.String)[pri:3, instance:com.tutorialsninja.tests.pack.LoginTest@130161f7]" started-at="2024-03-22T15:14:39 IST" name="loginWithInvalidCredentials" finished-at="2024-03-22T15:14:39 IST" depends-on-methods="com.tutorialsninja.tests.pack.LoginTest.loginWithNoCredentials" duration-ms="0" status="SKIP">
          <exception class="java.lang.Throwable">
            <message>
              <![CDATA[Method com.tutorialsninja.tests.pack.LoginTest.loginWithInvalidCredentials() on instance com.tutorialsninja.tests.pack.LoginTest@130161f7 depends on not successfully finished methods 
[com.tutorialsninja.tests.pack.LoginTest.loginWithNoCredentials() on instance com.tutorialsninja.tests.pack.LoginTest@130161f7]]]>
            </message>
            <full-stacktrace>
              <![CDATA[java.lang.Throwable: Method com.tutorialsninja.tests.pack.LoginTest.loginWithInvalidCredentials() on instance com.tutorialsninja.tests.pack.LoginTest@130161f7 depends on not successfully finished methods 
[com.tutorialsninja.tests.pack.LoginTest.loginWithNoCredentials() on instance com.tutorialsninja.tests.pack.LoginTest@130161f7]
at org.testng.internal.invokers.TestInvoker.invokeTestMethods(TestInvoker.java:157)
at org.testng.internal.invokers.TestMethodWorker.invokeTestMethods(TestMethodWorker.java:148)
at org.testng.internal.invokers.TestMethodWorker.run(TestMethodWorker.java:128)
at java.base/java.util.ArrayList.forEach(ArrayList.java:1511)
at org.testng.TestRunner.privateRun(TestRunner.java:819)
at org.testng.TestRunner.run(TestRunner.java:619)
at org.testng.SuiteRunner.runTest(SuiteRunner.java:443)
at org.testng.SuiteRunner.runSequentially(SuiteRunner.java:437)
at org.testng.SuiteRunner.privateRun(SuiteRunner.java:397)
at org.testng.SuiteRunner.run(SuiteRunner.java:336)
at org.testng.SuiteRunnerWorker.runSuite(SuiteRunnerWorker.java:52)
at org.testng.SuiteRunnerWorker.run(SuiteRunnerWorker.java:95)
at org.testng.TestNG.runSuitesSequentially(TestNG.java:1301)
at org.testng.TestNG.runSuitesLocally(TestNG.java:1228)
at org.testng.TestNG.runSuites(TestNG.java:1134)
at org.testng.TestNG.run(TestNG.java:1101)
at org.apache.maven.surefire.testng.TestNGExecutor.run(TestNGExecutor.java:308)
at org.apache.maven.surefire.testng.TestNGXmlTestSuite.execute(TestNGXmlTestSuite.java:71)
at org.apache.maven.surefire.testng.TestNGProvider.invoke(TestNGProvider.java:113)
at org.apache.maven.surefire.booter.ForkedBooter.runSuitesInProcess(ForkedBooter.java:385)
at org.apache.maven.surefire.booter.ForkedBooter.execute(ForkedBooter.java:162)
at org.apache.maven.surefire.booter.ForkedBooter.run(ForkedBooter.java:507)
at org.apache.maven.surefire.booter.ForkedBooter.main(ForkedBooter.java:495)
]]>
            </full-stacktrace>
          </exception> <!-- java.lang.Throwable -->
          <reporter-output>
          </reporter-output>
        </test-method> <!-- loginWithInvalidCredentials -->
        <test-method is-config="true" signature="loginAndClickLogin()[pri:0, instance:com.tutorialsninja.tests.pack.LoginTest@130161f7]" started-at="2024-03-22T15:14:39 IST" name="loginAndClickLogin" finished-at="2024-03-22T15:14:42 IST" duration-ms="2324" status="PASS">
          <reporter-output>
          </reporter-output>
        </test-method> <!-- loginAndClickLogin -->
        <test-method signature="loginWithValidCredentials(java.lang.String,java.lang.String)[pri:4, instance:com.tutorialsninja.tests.pack.LoginTest@130161f7]" started-at="2024-03-22T15:14:42 IST" name="loginWithValidCredentials" data-provider="getLoginTestData" finished-at="2024-03-22T15:14:43 IST" duration-ms="950" status="PASS">
          <params>
            <param index="0">
              <value>
                <![CDATA[jatingupta543@gmail.co]]>
              </value>
            </param>
            <param index="1">
              <value>
                <![CDATA[Mm@8zKPANUMLHL]]>
              </value>
            </param>
          </params>
          <reporter-output>
          </reporter-output>
        </test-method> <!-- loginWithValidCredentials -->
        <test-method is-config="true" signature="tearDown()[pri:0, instance:com.tutorialsninja.tests.pack.LoginTest@130161f7]" started-at="2024-03-22T15:14:43 IST" name="tearDown" finished-at="2024-03-22T15:14:43 IST" duration-ms="67" status="PASS">
          <reporter-output>
          </reporter-output>
        </test-method> <!-- tearDown -->
        <test-method is-config="true" signature="loginAndClickLogin()[pri:0, instance:com.tutorialsninja.tests.pack.LoginTest@130161f7]" started-at="2024-03-22T15:14:43 IST" name="loginAndClickLogin" finished-at="2024-03-22T15:14:45 IST" duration-ms="2401" status="PASS">
          <reporter-output>
          </reporter-output>
        </test-method> <!-- loginAndClickLogin -->
        <test-method signature="loginWithValidCredentials(java.lang.String,java.lang.String)[pri:4, instance:com.tutorialsninja.tests.pack.LoginTest@130161f7]" started-at="2024-03-22T15:14:45 IST" name="loginWithValidCredentials" data-provider="getLoginTestData" finished-at="2024-03-22T15:14:46 IST" duration-ms="1019" status="PASS">
          <params>
            <param index="0">
              <value>
                <![CDATA[jatingupta543@gmail.co]]>
              </value>
            </param>
            <param index="1">
              <value>
                <![CDATA[Mm@8zKPANUMLHL]]>
              </value>
            </param>
          </params>
          <reporter-output>
          </reporter-output>
        </test-method> <!-- loginWithValidCredentials -->
        <test-method is-config="true" signature="tearDown()[pri:0, instance:com.tutorialsninja.tests.pack.LoginTest@130161f7]" started-at="2024-03-22T15:14:46 IST" name="tearDown" finished-at="2024-03-22T15:14:46 IST" duration-ms="63" status="PASS">
          <reporter-output>
          </reporter-output>
        </test-method> <!-- tearDown -->
        <test-method is-config="true" signature="loginAndClickLogin()[pri:0, instance:com.tutorialsninja.tests.pack.LoginTest@130161f7]" started-at="2024-03-22T15:14:46 IST" name="loginAndClickLogin" finished-at="2024-03-22T15:14:49 IST" duration-ms="2753" status="PASS">
          <reporter-output>
          </reporter-output>
        </test-method> <!-- loginAndClickLogin -->
        <test-method signature="loginWithValidCredentials(java.lang.String,java.lang.String)[pri:4, instance:com.tutorialsninja.tests.pack.LoginTest@130161f7]" started-at="2024-03-22T15:14:49 IST" name="loginWithValidCredentials" data-provider="getLoginTestData" finished-at="2024-03-22T15:14:50 IST" duration-ms="953" status="PASS">
          <params>
            <param index="0">
              <value>
                <![CDATA[jatingupta543@gmail.co]]>
              </value>
            </param>
            <param index="1">
              <value>
                <![CDATA[Mm@8zKPANUMLHL]]>
              </value>
            </param>
          </params>
          <reporter-output>
          </reporter-output>
        </test-method> <!-- loginWithValidCredentials -->
        <test-method is-config="true" signature="tearDown()[pri:0, instance:com.tutorialsninja.tests.pack.LoginTest@130161f7]" started-at="2024-03-22T15:14:50 IST" name="tearDown" finished-at="2024-03-22T15:14:50 IST" duration-ms="73" status="PASS">
          <reporter-output>
          </reporter-output>
        </test-method> <!-- tearDown -->
      </class> <!-- com.tutorialsninja.tests.pack.LoginTest -->
    </test> <!-- TutorialsNinja Tests -->
  </suite> <!-- TutorialsNinja Suite -->
</testng-results>
